<?xml version="1.0" encoding="UTF-8"?>
<testsuite xmlns:xsi="http://www.w3.org/2001/XMLSchema-instance" xsi:noNamespaceSchemaLocation="https://maven.apache.org/surefire/maven-surefire-plugin/xsd/surefire-test-report-3.0.xsd" version="3.0" name="br.Insper.Prova.ProvaApplicationTests" time="1.455" tests="1" errors="0" skipped="0" failures="0">
  <properties>
    <property name="java.specification.version" value="22"/>
    <property name="sun.jnu.encoding" value="UTF-8"/>
    <property name="java.class.path" value="/Users/gabrielmendes/Documents/Prova/target/test-classes:/Users/gabrielmendes/Documents/Prova/target/classes:/Users/gabrielmendes/.m2/repository/org/springframework/boot/spring-boot-starter-data-mongodb/3.3.3/spring-boot-starter-data-mongodb-3.3.3.jar:/Users/gabrielmendes/.m2/repository/org/springframework/boot/spring-boot-starter/3.3.3/spring-boot-starter-3.3.3.jar:/Users/gabrielmendes/.m2/repository/org/springframework/boot/spring-boot-starter-logging/3.3.3/spring-boot-starter-logging-3.3.3.jar:/Users/gabrielmendes/.m2/repository/ch/qos/logback/logback-classic/1.5.7/logback-classic-1.5.7.jar:/Users/gabrielmendes/.m2/repository/ch/qos/logback/logback-core/1.5.7/logback-core-1.5.7.jar:/Users/gabrielmendes/.m2/repository/org/apache/logging/log4j/log4j-to-slf4j/2.23.1/log4j-to-slf4j-2.23.1.jar:/Users/gabrielmendes/.m2/repository/org/apache/logging/log4j/log4j-api/2.23.1/log4j-api-2.23.1.jar:/Users/gabrielmendes/.m2/repository/org/slf4j/jul-to-slf4j/2.0.16/jul-to-slf4j-2.0.16.jar:/Users/gabrielmendes/.m2/repository/jakarta/annotation/jakarta.annotation-api/2.1.1/jakarta.annotation-api-2.1.1.jar:/Users/gabrielmendes/.m2/repository/org/yaml/snakeyaml/2.2/snakeyaml-2.2.jar:/Users/gabrielmendes/.m2/repository/org/mongodb/mongodb-driver-sync/5.0.1/mongodb-driver-sync-5.0.1.jar:/Users/gabrielmendes/.m2/repository/org/mongodb/bson/5.0.1/bson-5.0.1.jar:/Users/gabrielmendes/.m2/repository/org/mongodb/mongodb-driver-core/5.0.1/mongodb-driver-core-5.0.1.jar:/Users/gabrielmendes/.m2/repository/org/mongodb/bson-record-codec/5.0.1/bson-record-codec-5.0.1.jar:/Users/gabrielmendes/.m2/repository/org/springframework/data/spring-data-mongodb/4.3.3/spring-data-mongodb-4.3.3.jar:/Users/gabrielmendes/.m2/repository/org/springframework/spring-tx/6.1.12/spring-tx-6.1.12.jar:/Users/gabrielmendes/.m2/repository/org/springframework/spring-context/6.1.12/spring-context-6.1.12.jar:/Users/gabrielmendes/.m2/repository/org/springframework/spring-beans/6.1.12/spring-beans-6.1.12.jar:/Users/gabrielmendes/.m2/repository/org/springframework/spring-expression/6.1.12/spring-expression-6.1.12.jar:/Users/gabrielmendes/.m2/repository/org/springframework/data/spring-data-commons/3.3.3/spring-data-commons-3.3.3.jar:/Users/gabrielmendes/.m2/repository/org/slf4j/slf4j-api/2.0.16/slf4j-api-2.0.16.jar:/Users/gabrielmendes/.m2/repository/org/springframework/boot/spring-boot-starter-web/3.3.3/spring-boot-starter-web-3.3.3.jar:/Users/gabrielmendes/.m2/repository/org/springframework/boot/spring-boot-starter-json/3.3.3/spring-boot-starter-json-3.3.3.jar:/Users/gabrielmendes/.m2/repository/com/fasterxml/jackson/core/jackson-databind/2.17.2/jackson-databind-2.17.2.jar:/Users/gabrielmendes/.m2/repository/com/fasterxml/jackson/core/jackson-annotations/2.17.2/jackson-annotations-2.17.2.jar:/Users/gabrielmendes/.m2/repository/com/fasterxml/jackson/core/jackson-core/2.17.2/jackson-core-2.17.2.jar:/Users/gabrielmendes/.m2/repository/com/fasterxml/jackson/datatype/jackson-datatype-jdk8/2.17.2/jackson-datatype-jdk8-2.17.2.jar:/Users/gabrielmendes/.m2/repository/com/fasterxml/jackson/datatype/jackson-datatype-jsr310/2.17.2/jackson-datatype-jsr310-2.17.2.jar:/Users/gabrielmendes/.m2/repository/com/fasterxml/jackson/module/jackson-module-parameter-names/2.17.2/jackson-module-parameter-names-2.17.2.jar:/Users/gabrielmendes/.m2/repository/org/springframework/boot/spring-boot-starter-tomcat/3.3.3/spring-boot-starter-tomcat-3.3.3.jar:/Users/gabrielmendes/.m2/repository/org/apache/tomcat/embed/tomcat-embed-core/10.1.28/tomcat-embed-core-10.1.28.jar:/Users/gabrielmendes/.m2/repository/org/apache/tomcat/embed/tomcat-embed-el/10.1.28/tomcat-embed-el-10.1.28.jar:/Users/gabrielmendes/.m2/repository/org/apache/tomcat/embed/tomcat-embed-websocket/10.1.28/tomcat-embed-websocket-10.1.28.jar:/Users/gabrielmendes/.m2/repository/org/springframework/spring-web/6.1.12/spring-web-6.1.12.jar:/Users/gabrielmendes/.m2/repository/io/micrometer/micrometer-observation/1.13.3/micrometer-observation-1.13.3.jar:/Users/gabrielmendes/.m2/repository/io/micrometer/micrometer-commons/1.13.3/micrometer-commons-1.13.3.jar:/Users/gabrielmendes/.m2/repository/org/springframework/spring-webmvc/6.1.12/spring-webmvc-6.1.12.jar:/Users/gabrielmendes/.m2/repository/org/springframework/spring-aop/6.1.12/spring-aop-6.1.12.jar:/Users/gabrielmendes/.m2/repository/org/springframework/boot/spring-boot-devtools/3.3.3/spring-boot-devtools-3.3.3.jar:/Users/gabrielmendes/.m2/repository/org/springframework/boot/spring-boot/3.3.3/spring-boot-3.3.3.jar:/Users/gabrielmendes/.m2/repository/org/springframework/boot/spring-boot-autoconfigure/3.3.3/spring-boot-autoconfigure-3.3.3.jar:/Users/gabrielmendes/.m2/repository/org/projectlombok/lombok/1.18.34/lombok-1.18.34.jar:/Users/gabrielmendes/.m2/repository/org/springframework/boot/spring-boot-starter-test/3.3.3/spring-boot-starter-test-3.3.3.jar:/Users/gabrielmendes/.m2/repository/org/springframework/boot/spring-boot-test/3.3.3/spring-boot-test-3.3.3.jar:/Users/gabrielmendes/.m2/repository/org/springframework/boot/spring-boot-test-autoconfigure/3.3.3/spring-boot-test-autoconfigure-3.3.3.jar:/Users/gabrielmendes/.m2/repository/com/jayway/jsonpath/json-path/2.9.0/json-path-2.9.0.jar:/Users/gabrielmendes/.m2/repository/jakarta/xml/bind/jakarta.xml.bind-api/4.0.2/jakarta.xml.bind-api-4.0.2.jar:/Users/gabrielmendes/.m2/repository/jakarta/activation/jakarta.activation-api/2.1.3/jakarta.activation-api-2.1.3.jar:/Users/gabrielmendes/.m2/repository/net/minidev/json-smart/2.5.1/json-smart-2.5.1.jar:/Users/gabrielmendes/.m2/repository/net/minidev/accessors-smart/2.5.1/accessors-smart-2.5.1.jar:/Users/gabrielmendes/.m2/repository/org/ow2/asm/asm/9.6/asm-9.6.jar:/Users/gabrielmendes/.m2/repository/org/assertj/assertj-core/3.25.3/assertj-core-3.25.3.jar:/Users/gabrielmendes/.m2/repository/net/bytebuddy/byte-buddy/1.14.19/byte-buddy-1.14.19.jar:/Users/gabrielmendes/.m2/repository/org/awaitility/awaitility/4.2.2/awaitility-4.2.2.jar:/Users/gabrielmendes/.m2/repository/org/hamcrest/hamcrest/2.2/hamcrest-2.2.jar:/Users/gabrielmendes/.m2/repository/org/junit/jupiter/junit-jupiter/5.10.3/junit-jupiter-5.10.3.jar:/Users/gabrielmendes/.m2/repository/org/junit/jupiter/junit-jupiter-api/5.10.3/junit-jupiter-api-5.10.3.jar:/Users/gabrielmendes/.m2/repository/org/opentest4j/opentest4j/1.3.0/opentest4j-1.3.0.jar:/Users/gabrielmendes/.m2/repository/org/junit/platform/junit-platform-commons/1.10.3/junit-platform-commons-1.10.3.jar:/Users/gabrielmendes/.m2/repository/org/apiguardian/apiguardian-api/1.1.2/apiguardian-api-1.1.2.jar:/Users/gabrielmendes/.m2/repository/org/junit/jupiter/junit-jupiter-params/5.10.3/junit-jupiter-params-5.10.3.jar:/Users/gabrielmendes/.m2/repository/org/junit/jupiter/junit-jupiter-engine/5.10.3/junit-jupiter-engine-5.10.3.jar:/Users/gabrielmendes/.m2/repository/org/junit/platform/junit-platform-engine/1.10.3/junit-platform-engine-1.10.3.jar:/Users/gabrielmendes/.m2/repository/org/mockito/mockito-core/5.11.0/mockito-core-5.11.0.jar:/Users/gabrielmendes/.m2/repository/net/bytebuddy/byte-buddy-agent/1.14.19/byte-buddy-agent-1.14.19.jar:/Users/gabrielmendes/.m2/repository/org/objenesis/objenesis/3.3/objenesis-3.3.jar:/Users/gabrielmendes/.m2/repository/org/mockito/mockito-junit-jupiter/5.11.0/mockito-junit-jupiter-5.11.0.jar:/Users/gabrielmendes/.m2/repository/org/skyscreamer/jsonassert/1.5.3/jsonassert-1.5.3.jar:/Users/gabrielmendes/.m2/repository/com/vaadin/external/google/android-json/0.0.20131108.vaadin1/android-json-0.0.20131108.vaadin1.jar:/Users/gabrielmendes/.m2/repository/org/springframework/spring-core/6.1.12/spring-core-6.1.12.jar:/Users/gabrielmendes/.m2/repository/org/springframework/spring-jcl/6.1.12/spring-jcl-6.1.12.jar:/Users/gabrielmendes/.m2/repository/org/springframework/spring-test/6.1.12/spring-test-6.1.12.jar:/Users/gabrielmendes/.m2/repository/org/xmlunit/xmlunit-core/2.9.1/xmlunit-core-2.9.1.jar:"/>
    <property name="java.vm.vendor" value="Oracle Corporation"/>
    <property name="sun.arch.data.model" value="64"/>
    <property name="java.vendor.url" value="https://java.oracle.com/"/>
    <property name="user.timezone" value="America/Sao_Paulo"/>
    <property name="os.name" value="Mac OS X"/>
    <property name="java.vm.specification.version" value="22"/>
    <property name="sun.java.launcher" value="SUN_STANDARD"/>
    <property name="user.country" value="US"/>
    <property name="sun.boot.library.path" value="/Users/gabrielmendes/Library/Java/JavaVirtualMachines/openjdk-22.0.2/Contents/Home/lib"/>
    <property name="sun.java.command" value="/Users/gabrielmendes/Documents/Prova/target/surefire/surefirebooter-20240916124950356_3.jar /Users/gabrielmendes/Documents/Prova/target/surefire 2024-09-16T12-49-50_318-jvmRun1 surefire-20240916124950356_1tmp surefire_0-20240916124950356_2tmp"/>
    <property name="http.nonProxyHosts" value="local|*.local|169.254/16|*.169.254/16"/>
    <property name="jdk.debug" value="release"/>
    <property name="surefire.test.class.path" value="/Users/gabrielmendes/Documents/Prova/target/test-classes:/Users/gabrielmendes/Documents/Prova/target/classes:/Users/gabrielmendes/.m2/repository/org/springframework/boot/spring-boot-starter-data-mongodb/3.3.3/spring-boot-starter-data-mongodb-3.3.3.jar:/Users/gabrielmendes/.m2/repository/org/springframework/boot/spring-boot-starter/3.3.3/spring-boot-starter-3.3.3.jar:/Users/gabrielmendes/.m2/repository/org/springframework/boot/spring-boot-starter-logging/3.3.3/spring-boot-starter-logging-3.3.3.jar:/Users/gabrielmendes/.m2/repository/ch/qos/logback/logback-classic/1.5.7/logback-classic-1.5.7.jar:/Users/gabrielmendes/.m2/repository/ch/qos/logback/logback-core/1.5.7/logback-core-1.5.7.jar:/Users/gabrielmendes/.m2/repository/org/apache/logging/log4j/log4j-to-slf4j/2.23.1/log4j-to-slf4j-2.23.1.jar:/Users/gabrielmendes/.m2/repository/org/apache/logging/log4j/log4j-api/2.23.1/log4j-api-2.23.1.jar:/Users/gabrielmendes/.m2/repository/org/slf4j/jul-to-slf4j/2.0.16/jul-to-slf4j-2.0.16.jar:/Users/gabrielmendes/.m2/repository/jakarta/annotation/jakarta.annotation-api/2.1.1/jakarta.annotation-api-2.1.1.jar:/Users/gabrielmendes/.m2/repository/org/yaml/snakeyaml/2.2/snakeyaml-2.2.jar:/Users/gabrielmendes/.m2/repository/org/mongodb/mongodb-driver-sync/5.0.1/mongodb-driver-sync-5.0.1.jar:/Users/gabrielmendes/.m2/repository/org/mongodb/bson/5.0.1/bson-5.0.1.jar:/Users/gabrielmendes/.m2/repository/org/mongodb/mongodb-driver-core/5.0.1/mongodb-driver-core-5.0.1.jar:/Users/gabrielmendes/.m2/repository/org/mongodb/bson-record-codec/5.0.1/bson-record-codec-5.0.1.jar:/Users/gabrielmendes/.m2/repository/org/springframework/data/spring-data-mongodb/4.3.3/spring-data-mongodb-4.3.3.jar:/Users/gabrielmendes/.m2/repository/org/springframework/spring-tx/6.1.12/spring-tx-6.1.12.jar:/Users/gabrielmendes/.m2/repository/org/springframework/spring-context/6.1.12/spring-context-6.1.12.jar:/Users/gabrielmendes/.m2/repository/org/springframework/spring-beans/6.1.12/spring-beans-6.1.12.jar:/Users/gabrielmendes/.m2/repository/org/springframework/spring-expression/6.1.12/spring-expression-6.1.12.jar:/Users/gabrielmendes/.m2/repository/org/springframework/data/spring-data-commons/3.3.3/spring-data-commons-3.3.3.jar:/Users/gabrielmendes/.m2/repository/org/slf4j/slf4j-api/2.0.16/slf4j-api-2.0.16.jar:/Users/gabrielmendes/.m2/repository/org/springframework/boot/spring-boot-starter-web/3.3.3/spring-boot-starter-web-3.3.3.jar:/Users/gabrielmendes/.m2/repository/org/springframework/boot/spring-boot-starter-json/3.3.3/spring-boot-starter-json-3.3.3.jar:/Users/gabrielmendes/.m2/repository/com/fasterxml/jackson/core/jackson-databind/2.17.2/jackson-databind-2.17.2.jar:/Users/gabrielmendes/.m2/repository/com/fasterxml/jackson/core/jackson-annotations/2.17.2/jackson-annotations-2.17.2.jar:/Users/gabrielmendes/.m2/repository/com/fasterxml/jackson/core/jackson-core/2.17.2/jackson-core-2.17.2.jar:/Users/gabrielmendes/.m2/repository/com/fasterxml/jackson/datatype/jackson-datatype-jdk8/2.17.2/jackson-datatype-jdk8-2.17.2.jar:/Users/gabrielmendes/.m2/repository/com/fasterxml/jackson/datatype/jackson-datatype-jsr310/2.17.2/jackson-datatype-jsr310-2.17.2.jar:/Users/gabrielmendes/.m2/repository/com/fasterxml/jackson/module/jackson-module-parameter-names/2.17.2/jackson-module-parameter-names-2.17.2.jar:/Users/gabrielmendes/.m2/repository/org/springframework/boot/spring-boot-starter-tomcat/3.3.3/spring-boot-starter-tomcat-3.3.3.jar:/Users/gabrielmendes/.m2/repository/org/apache/tomcat/embed/tomcat-embed-core/10.1.28/tomcat-embed-core-10.1.28.jar:/Users/gabrielmendes/.m2/repository/org/apache/tomcat/embed/tomcat-embed-el/10.1.28/tomcat-embed-el-10.1.28.jar:/Users/gabrielmendes/.m2/repository/org/apache/tomcat/embed/tomcat-embed-websocket/10.1.28/tomcat-embed-websocket-10.1.28.jar:/Users/gabrielmendes/.m2/repository/org/springframework/spring-web/6.1.12/spring-web-6.1.12.jar:/Users/gabrielmendes/.m2/repository/io/micrometer/micrometer-observation/1.13.3/micrometer-observation-1.13.3.jar:/Users/gabrielmendes/.m2/repository/io/micrometer/micrometer-commons/1.13.3/micrometer-commons-1.13.3.jar:/Users/gabrielmendes/.m2/repository/org/springframework/spring-webmvc/6.1.12/spring-webmvc-6.1.12.jar:/Users/gabrielmendes/.m2/repository/org/springframework/spring-aop/6.1.12/spring-aop-6.1.12.jar:/Users/gabrielmendes/.m2/repository/org/springframework/boot/spring-boot-devtools/3.3.3/spring-boot-devtools-3.3.3.jar:/Users/gabrielmendes/.m2/repository/org/springframework/boot/spring-boot/3.3.3/spring-boot-3.3.3.jar:/Users/gabrielmendes/.m2/repository/org/springframework/boot/spring-boot-autoconfigure/3.3.3/spring-boot-autoconfigure-3.3.3.jar:/Users/gabrielmendes/.m2/repository/org/projectlombok/lombok/1.18.34/lombok-1.18.34.jar:/Users/gabrielmendes/.m2/repository/org/springframework/boot/spring-boot-starter-test/3.3.3/spring-boot-starter-test-3.3.3.jar:/Users/gabrielmendes/.m2/repository/org/springframework/boot/spring-boot-test/3.3.3/spring-boot-test-3.3.3.jar:/Users/gabrielmendes/.m2/repository/org/springframework/boot/spring-boot-test-autoconfigure/3.3.3/spring-boot-test-autoconfigure-3.3.3.jar:/Users/gabrielmendes/.m2/repository/com/jayway/jsonpath/json-path/2.9.0/json-path-2.9.0.jar:/Users/gabrielmendes/.m2/repository/jakarta/xml/bind/jakarta.xml.bind-api/4.0.2/jakarta.xml.bind-api-4.0.2.jar:/Users/gabrielmendes/.m2/repository/jakarta/activation/jakarta.activation-api/2.1.3/jakarta.activation-api-2.1.3.jar:/Users/gabrielmendes/.m2/repository/net/minidev/json-smart/2.5.1/json-smart-2.5.1.jar:/Users/gabrielmendes/.m2/repository/net/minidev/accessors-smart/2.5.1/accessors-smart-2.5.1.jar:/Users/gabrielmendes/.m2/repository/org/ow2/asm/asm/9.6/asm-9.6.jar:/Users/gabrielmendes/.m2/repository/org/assertj/assertj-core/3.25.3/assertj-core-3.25.3.jar:/Users/gabrielmendes/.m2/repository/net/bytebuddy/byte-buddy/1.14.19/byte-buddy-1.14.19.jar:/Users/gabrielmendes/.m2/repository/org/awaitility/awaitility/4.2.2/awaitility-4.2.2.jar:/Users/gabrielmendes/.m2/repository/org/hamcrest/hamcrest/2.2/hamcrest-2.2.jar:/Users/gabrielmendes/.m2/repository/org/junit/jupiter/junit-jupiter/5.10.3/junit-jupiter-5.10.3.jar:/Users/gabrielmendes/.m2/repository/org/junit/jupiter/junit-jupiter-api/5.10.3/junit-jupiter-api-5.10.3.jar:/Users/gabrielmendes/.m2/repository/org/opentest4j/opentest4j/1.3.0/opentest4j-1.3.0.jar:/Users/gabrielmendes/.m2/repository/org/junit/platform/junit-platform-commons/1.10.3/junit-platform-commons-1.10.3.jar:/Users/gabrielmendes/.m2/repository/org/apiguardian/apiguardian-api/1.1.2/apiguardian-api-1.1.2.jar:/Users/gabrielmendes/.m2/repository/org/junit/jupiter/junit-jupiter-params/5.10.3/junit-jupiter-params-5.10.3.jar:/Users/gabrielmendes/.m2/repository/org/junit/jupiter/junit-jupiter-engine/5.10.3/junit-jupiter-engine-5.10.3.jar:/Users/gabrielmendes/.m2/repository/org/junit/platform/junit-platform-engine/1.10.3/junit-platform-engine-1.10.3.jar:/Users/gabrielmendes/.m2/repository/org/mockito/mockito-core/5.11.0/mockito-core-5.11.0.jar:/Users/gabrielmendes/.m2/repository/net/bytebuddy/byte-buddy-agent/1.14.19/byte-buddy-agent-1.14.19.jar:/Users/gabrielmendes/.m2/repository/org/objenesis/objenesis/3.3/objenesis-3.3.jar:/Users/gabrielmendes/.m2/repository/org/mockito/mockito-junit-jupiter/5.11.0/mockito-junit-jupiter-5.11.0.jar:/Users/gabrielmendes/.m2/repository/org/skyscreamer/jsonassert/1.5.3/jsonassert-1.5.3.jar:/Users/gabrielmendes/.m2/repository/com/vaadin/external/google/android-json/0.0.20131108.vaadin1/android-json-0.0.20131108.vaadin1.jar:/Users/gabrielmendes/.m2/repository/org/springframework/spring-core/6.1.12/spring-core-6.1.12.jar:/Users/gabrielmendes/.m2/repository/org/springframework/spring-jcl/6.1.12/spring-jcl-6.1.12.jar:/Users/gabrielmendes/.m2/repository/org/springframework/spring-test/6.1.12/spring-test-6.1.12.jar:/Users/gabrielmendes/.m2/repository/org/xmlunit/xmlunit-core/2.9.1/xmlunit-core-2.9.1.jar:"/>
    <property name="sun.cpu.endian" value="little"/>
    <property name="user.home" value="/Users/gabrielmendes"/>
    <property name="user.language" value="en"/>
    <property name="java.specification.vendor" value="Oracle Corporation"/>
    <property name="java.version.date" value="2024-07-16"/>
    <property name="java.home" value="/Users/gabrielmendes/Library/Java/JavaVirtualMachines/openjdk-22.0.2/Contents/Home"/>
    <property name="file.separator" value="/"/>
    <property name="basedir" value="/Users/gabrielmendes/Documents/Prova"/>
    <property name="java.vm.compressedOopsMode" value="Zero based"/>
    <property name="line.separator" value="&#10;"/>
    <property name="java.vm.specification.vendor" value="Oracle Corporation"/>
    <property name="java.specification.name" value="Java Platform API Specification"/>
    <property name="FILE_LOG_CHARSET" value="UTF-8"/>
    <property name="java.awt.headless" value="true"/>
    <property name="apple.awt.application.name" value="ForkedBooter"/>
    <property name="surefire.real.class.path" value="/Users/gabrielmendes/Documents/Prova/target/surefire/surefirebooter-20240916124950356_3.jar"/>
    <property name="sun.management.compiler" value="HotSpot 64-Bit Tiered Compilers"/>
    <property name="ftp.nonProxyHosts" value="local|*.local|169.254/16|*.169.254/16"/>
    <property name="java.runtime.version" value="22.0.2+9-70"/>
    <property name="user.name" value="gabrielmendes"/>
    <property name="stdout.encoding" value="UTF-8"/>
    <property name="path.separator" value=":"/>
    <property name="os.version" value="15.1"/>
    <property name="java.runtime.name" value="OpenJDK Runtime Environment"/>
    <property name="file.encoding" value="UTF-8"/>
    <property name="java.vm.name" value="OpenJDK 64-Bit Server VM"/>
    <property name="localRepository" value="/Users/gabrielmendes/.m2/repository"/>
    <property name="java.vendor.url.bug" value="https://bugreport.java.com/bugreport/"/>
    <property name="java.io.tmpdir" value="/var/folders/7z/7g0_7d1s7hn1n8_mh8f0c2pw0000gn/T/"/>
    <property name="idea.version" value="2024.2.1"/>
    <property name="java.version" value="22.0.2"/>
    <property name="user.dir" value="/Users/gabrielmendes/Documents/Prova"/>
    <property name="os.arch" value="aarch64"/>
    <property name="java.vm.specification.name" value="Java Virtual Machine Specification"/>
    <property name="PID" value="4084"/>
    <property name="CONSOLE_LOG_CHARSET" value="UTF-8"/>
    <property name="native.encoding" value="UTF-8"/>
    <property name="java.library.path" value="/Users/gabrielmendes/Library/Java/Extensions:/Library/Java/Extensions:/Network/Library/Java/Extensions:/System/Library/Java/Extensions:/usr/lib/java:."/>
    <property name="java.vm.info" value="mixed mode, sharing"/>
    <property name="stderr.encoding" value="UTF-8"/>
    <property name="java.vendor" value="Oracle Corporation"/>
    <property name="java.vm.version" value="22.0.2+9-70"/>
    <property name="sun.io.unicode.encoding" value="UnicodeBig"/>
    <property name="socksNonProxyHosts" value="local|*.local|169.254/16|*.169.254/16"/>
    <property name="java.class.version" value="66.0"/>
    <property name="LOGGED_APPLICATION_NAME" value="[Prova] "/>
  </properties>
  <testcase name="contextLoads" classname="br.Insper.Prova.ProvaApplicationTests" time="0.406">
    <system-out><![CDATA[12:49:50.679 [main] INFO org.springframework.test.context.support.AnnotationConfigContextLoaderUtils -- Could not detect default configuration classes for test class [br.Insper.Prova.ProvaApplicationTests]: ProvaApplicationTests does not declare any static, non-private, non-final, nested classes annotated with @Configuration.
12:49:50.720 [main] INFO org.springframework.boot.test.context.SpringBootTestContextBootstrapper -- Found @SpringBootConfiguration br.Insper.Prova.ProvaApplication for test class br.Insper.Prova.ProvaApplicationTests
12:49:50.782 [main] INFO org.springframework.boot.devtools.restart.RestartApplicationListener -- Restart disabled due to context in which it is running

  .   ____          _            __ _ _
 /\\ / ___'_ __ _ _(_)_ __  __ _ \ \ \ \
( ( )\___ | '_ | '_| | '_ \/ _` | \ \ \ \
 \\/  ___)| |_)| | | | | || (_| |  ) ) ) )
  '  |____| .__|_| |_|_| |_\__, | / / / /
 =========|_|==============|___/=/_/_/_/

 :: Spring Boot ::                (v3.3.3)

2024-09-16T12:49:50.908-03:00  INFO 4084 --- [Prova] [           main] br.Insper.Prova.ProvaApplicationTests    : Starting ProvaApplicationTests using Java 22.0.2 with PID 4084 (started by gabrielmendes in /Users/gabrielmendes/Documents/Prova)
2024-09-16T12:49:50.909-03:00  INFO 4084 --- [Prova] [           main] br.Insper.Prova.ProvaApplicationTests    : No active profile set, falling back to 1 default profile: "default"
2024-09-16T12:49:51.135-03:00  INFO 4084 --- [Prova] [           main] .s.d.r.c.RepositoryConfigurationDelegate : Bootstrapping Spring Data MongoDB repositories in DEFAULT mode.
2024-09-16T12:49:51.154-03:00  INFO 4084 --- [Prova] [           main] .s.d.r.c.RepositoryConfigurationDelegate : Finished Spring Data repository scanning in 17 ms. Found 1 MongoDB repository interface.
2024-09-16T12:49:51.334-03:00  INFO 4084 --- [Prova] [           main] org.mongodb.driver.client                : MongoClient with metadata {"application": {"name": "Database"}, "driver": {"name": "mongo-java-driver|sync|spring-boot", "version": "5.0.1"}, "os": {"type": "Darwin", "name": "Mac OS X", "architecture": "aarch64", "version": "15.1"}, "platform": "Java/Oracle Corporation/22.0.2+9-70"} created with settings MongoClientSettings{readPreference=primary, writeConcern=WriteConcern{w=majority, wTimeout=null ms, journal=null}, retryWrites=true, retryReads=true, readConcern=ReadConcern{level=null}, credential=MongoCredential{mechanism=null, userName='admin', source='admin', password=<hidden>, mechanismProperties=<hidden>}, transportSettings=null, commandListeners=[], codecRegistry=ProvidersCodecRegistry{codecProviders=[ValueCodecProvider{}, BsonValueCodecProvider{}, DBRefCodecProvider{}, DBObjectCodecProvider{}, DocumentCodecProvider{}, CollectionCodecProvider{}, IterableCodecProvider{}, MapCodecProvider{}, GeoJsonCodecProvider{}, GridFSFileCodecProvider{}, Jsr310CodecProvider{}, JsonObjectCodecProvider{}, BsonCodecProvider{}, EnumCodecProvider{}, com.mongodb.client.model.mql.ExpressionCodecProvider@322ba549, com.mongodb.Jep395RecordCodecProvider@502a4156, com.mongodb.KotlinCodecProvider@5416f8db]}, loggerSettings=LoggerSettings{maxDocumentLength=1000}, clusterSettings={hosts=[127.0.0.1:27017], srvHost=database.hqc4q.mongodb.net, srvServiceName=mongodb, mode=MULTIPLE, requiredClusterType=REPLICA_SET, requiredReplicaSetName='atlas-c1aj6p-shard-0', serverSelector='null', clusterListeners='[]', serverSelectionTimeout='30000 ms', localThreshold='15 ms'}, socketSettings=SocketSettings{connectTimeoutMS=10000, readTimeoutMS=0, receiveBufferSize=0, proxySettings=ProxySettings{host=null, port=null, username=null, password=null}}, heartbeatSocketSettings=SocketSettings{connectTimeoutMS=10000, readTimeoutMS=10000, receiveBufferSize=0, proxySettings=ProxySettings{host=null, port=null, username=null, password=null}}, connectionPoolSettings=ConnectionPoolSettings{maxSize=100, minSize=0, maxWaitTimeMS=120000, maxConnectionLifeTimeMS=0, maxConnectionIdleTimeMS=0, maintenanceInitialDelayMS=0, maintenanceFrequencyMS=60000, connectionPoolListeners=[], maxConnecting=2}, serverSettings=ServerSettings{heartbeatFrequencyMS=10000, minHeartbeatFrequencyMS=500, serverListeners='[]', serverMonitorListeners='[]'}, sslSettings=SslSettings{enabled=true, invalidHostNameAllowed=false, context=null}, applicationName='Database', compressorList=[], uuidRepresentation=JAVA_LEGACY, serverApi=null, autoEncryptionSettings=null, dnsClient=null, inetAddressResolver=null, contextProvider=null}
2024-09-16T12:49:51.336-03:00  INFO 4084 --- [Prova] [c4q.mongodb.net] org.mongodb.driver.cluster               : Adding discovered server database-shard-00-02.hqc4q.mongodb.net:27017 to client view of cluster
2024-09-16T12:49:51.346-03:00  INFO 4084 --- [Prova] [c4q.mongodb.net] org.mongodb.driver.cluster               : Adding discovered server database-shard-00-00.hqc4q.mongodb.net:27017 to client view of cluster
2024-09-16T12:49:51.347-03:00  INFO 4084 --- [Prova] [c4q.mongodb.net] org.mongodb.driver.cluster               : Adding discovered server database-shard-00-01.hqc4q.mongodb.net:27017 to client view of cluster
2024-09-16T12:49:51.614-03:00  INFO 4084 --- [Prova] [ngodb.net:27017] org.mongodb.driver.cluster               : Monitor thread successfully connected to server with description ServerDescription{address=database-shard-00-01.hqc4q.mongodb.net:27017, type=REPLICA_SET_SECONDARY, state=CONNECTED, ok=true, minWireVersion=0, maxWireVersion=21, maxDocumentSize=16777216, logicalSessionTimeoutMinutes=30, roundTripTimeNanos=158813625, setName='atlas-c1aj6p-shard-0', canonicalAddress=database-shard-00-01.hqc4q.mongodb.net:27017, hosts=[database-shard-00-00.hqc4q.mongodb.net:27017, database-shard-00-02.hqc4q.mongodb.net:27017, database-shard-00-01.hqc4q.mongodb.net:27017], passives=[], arbiters=[], primary='database-shard-00-02.hqc4q.mongodb.net:27017', tagSet=TagSet{[Tag{name='availabilityZone', value='sae1-az3'}, Tag{name='diskState', value='READY'}, Tag{name='nodeType', value='ELECTABLE'}, Tag{name='provider', value='AWS'}, Tag{name='region', value='SA_EAST_1'}, Tag{name='workloadType', value='OPERATIONAL'}]}, electionId=null, setVersion=6, topologyVersion=TopologyVersion{processId=66c8c4f8c3cfe49122932189, counter=3}, lastWriteDate=Mon Sep 16 12:49:51 BRT 2024, lastUpdateTimeNanos=10720600865708}
2024-09-16T12:49:51.614-03:00  INFO 4084 --- [Prova] [ngodb.net:27017] org.mongodb.driver.cluster               : Monitor thread successfully connected to server with description ServerDescription{address=database-shard-00-02.hqc4q.mongodb.net:27017, type=REPLICA_SET_PRIMARY, state=CONNECTED, ok=true, minWireVersion=0, maxWireVersion=21, maxDocumentSize=16777216, logicalSessionTimeoutMinutes=30, roundTripTimeNanos=159425708, setName='atlas-c1aj6p-shard-0', canonicalAddress=database-shard-00-02.hqc4q.mongodb.net:27017, hosts=[database-shard-00-00.hqc4q.mongodb.net:27017, database-shard-00-02.hqc4q.mongodb.net:27017, database-shard-00-01.hqc4q.mongodb.net:27017], passives=[], arbiters=[], primary='database-shard-00-02.hqc4q.mongodb.net:27017', tagSet=TagSet{[Tag{name='availabilityZone', value='sae1-az2'}, Tag{name='diskState', value='READY'}, Tag{name='nodeType', value='ELECTABLE'}, Tag{name='provider', value='AWS'}, Tag{name='region', value='SA_EAST_1'}, Tag{name='workloadType', value='OPERATIONAL'}]}, electionId=7fffffff00000000000000b8, setVersion=6, topologyVersion=TopologyVersion{processId=66c8c35806c591ced7f3639a, counter=6}, lastWriteDate=Mon Sep 16 12:49:51 BRT 2024, lastUpdateTimeNanos=10720600909000}
2024-09-16T12:49:51.614-03:00  INFO 4084 --- [Prova] [ngodb.net:27017] org.mongodb.driver.cluster               : Monitor thread successfully connected to server with description ServerDescription{address=database-shard-00-00.hqc4q.mongodb.net:27017, type=REPLICA_SET_SECONDARY, state=CONNECTED, ok=true, minWireVersion=0, maxWireVersion=21, maxDocumentSize=16777216, logicalSessionTimeoutMinutes=30, roundTripTimeNanos=160508375, setName='atlas-c1aj6p-shard-0', canonicalAddress=database-shard-00-00.hqc4q.mongodb.net:27017, hosts=[database-shard-00-00.hqc4q.mongodb.net:27017, database-shard-00-02.hqc4q.mongodb.net:27017, database-shard-00-01.hqc4q.mongodb.net:27017], passives=[], arbiters=[], primary='database-shard-00-02.hqc4q.mongodb.net:27017', tagSet=TagSet{[Tag{name='availabilityZone', value='sae1-az1'}, Tag{name='diskState', value='READY'}, Tag{name='nodeType', value='ELECTABLE'}, Tag{name='provider', value='AWS'}, Tag{name='region', value='SA_EAST_1'}, Tag{name='workloadType', value='OPERATIONAL'}]}, electionId=null, setVersion=6, topologyVersion=TopologyVersion{processId=66c8c13a52eb8f667419f616, counter=4}, lastWriteDate=Mon Sep 16 12:49:51 BRT 2024, lastUpdateTimeNanos=10720600865666}
2024-09-16T12:49:51.615-03:00  INFO 4084 --- [Prova] [ngodb.net:27017] org.mongodb.driver.cluster               : Discovered replica set primary database-shard-00-02.hqc4q.mongodb.net:27017 with max election id 7fffffff00000000000000b8 and max set version 6
2024-09-16T12:49:51.643-03:00  INFO 4084 --- [Prova] [           main] br.Insper.Prova.ProvaApplicationTests    : Started ProvaApplicationTests in 0.866 seconds (process running for 1.237)
]]></system-out>
    <system-err><![CDATA[WARNING: A Java agent has been loaded dynamically (/Users/gabrielmendes/.m2/repository/net/bytebuddy/byte-buddy-agent/1.14.19/byte-buddy-agent-1.14.19.jar)
WARNING: If a serviceability tool is in use, please run with -XX:+EnableDynamicAgentLoading to hide this warning
WARNING: If a serviceability tool is not in use, please run with -Djdk.instrument.traceUsage for more information
WARNING: Dynamic loading of agents will be disallowed by default in a future release
]]></system-err>
  </testcase>
</testsuite>